build/app/intermediates/aapt_proguard_file/release/aapt_rules.txt
# Referenced at merged_manifests\release\AndroidManifest.xml:48
-keep class androidx.core.app.CoreComponentFactory { <init>(); }
# Referenced at merged_manifests\release\AndroidManifest.xml:223
-keep class androidx.core.content.FileProvider { <init>(); }
# Referenced at merged_manifests\release\AndroidManifest.xml:215
-keep class co.paystack.flutterpaystack.AuthActivity { <init>(); }
# Referenced at merged_manifests\release\AndroidManifest.xml:48
-keep class com.almaz.distributions.Application { <init>(); }
# Referenced at merged_manifests\release\AndroidManifest.xml:57
-keep class com.almaz.distributions.MainActivity { <init>(); }
# Referenced at merged_manifests\release\AndroidManifest.xml:86
-keep class com.braintreepayments.api.BraintreeBrowserSwitchActivity { <init>(); }
# Referenced at merged_manifests\release\AndroidManifest.xml:422
-keep class com.braintreepayments.api.GooglePaymentActivity { <init>(); }
# Referenced at merged_manifests\release\AndroidManifest.xml:325
-keep class com.braintreepayments.api.ThreeDSecureActivity { <init>(); }
# Referenced at merged_manifests\release\AndroidManifest.xml:310
-keep class com.braintreepayments.api.dropin.AddCardActivity { <init>(); }
# Referenced at merged_manifests\release\AndroidManifest.xml:307
-keep class com.braintreepayments.api.dropin.DropInActivity { <init>(); }
# Referenced at merged_manifests\release\AndroidManifest.xml:313
-keep class com.braintreepayments.api.dropin.VaultManagerActivity { <init>(); }
# Referenced at merged_manifests\release\AndroidManifest.xml:323
-keep class com.braintreepayments.api.internal.AnalyticsIntentService { <init>(); }
# Referenced at merged_manifests\release\AndroidManifest.xml:425
-keep class com.cardinalcommerce.shared.cs.userinterfaces.ChallengeHTMLView { <init>(); }
# Referenced at merged_manifests\release\AndroidManifest.xml:428
-keep class com.cardinalcommerce.shared.cs.userinterfaces.ChallengeNativeView { <init>(); }
# Referenced at merged_manifests\release\AndroidManifest.xml:385
-keep class com.facebook.CampaignTrackingReceiver { <init>(); }
# Referenced at merged_manifests\release\AndroidManifest.xml:378
-keep class com.facebook.CurrentAccessTokenExpirationBroadcastReceiver { <init>(); }
# Referenced at merged_manifests\release\AndroidManifest.xml:112
-keep class com.facebook.CustomTabActivity { <init>(); }
# Referenced at merged_manifests\release\AndroidManifest.xml:326
-keep class com.facebook.CustomTabMainActivity { <init>(); }
# Referenced at merged_manifests\release\AndroidManifest.xml:107
-keep class com.facebook.FacebookActivity { <init>(); }
# Referenced at merged_manifests\release\AndroidManifest.xml:373
-keep class com.facebook.internal.FacebookInitProvider { <init>(); }
# Referenced at merged_manifests\release\AndroidManifest.xml:196
-keep class com.gettipsi.stripe.OpenBrowserActivity { <init>(); }
# Referenced at merged_manifests\release\AndroidManifest.xml:201
-keep class com.gettipsi.stripe.RedirectUriReceiver { <init>(); }
# Referenced at merged_manifests\release\AndroidManifest.xml:394
-keep class com.google.android.datatransport.runtime.backends.TransportBackendDiscovery { <init>(); }
# Referenced at merged_manifests\release\AndroidManifest.xml:407
-keep class com.google.android.datatransport.runtime.scheduling.jobscheduling.AlarmManagerSchedulerBroadcastReceiver { <init>(); }
# Referenced at merged_manifests\release\AndroidManifest.xml:401
-keep class com.google.android.datatransport.runtime.scheduling.jobscheduling.JobInfoSchedulerService { <init>(); }
# Referenced at merged_manifests\release\AndroidManifest.xml:349
-keep class com.google.android.gms.ads.AdActivity { <init>(); }
# Referenced at merged_manifests\release\AndroidManifest.xml:355
-keep class com.google.android.gms.ads.MobileAdsInitProvider { <init>(); }
# Referenced at merged_manifests\release\AndroidManifest.xml:242
-keep class com.google.android.gms.auth.api.signin.RevocationBoundService { <init>(); }
# Referenced at merged_manifests\release\AndroidManifest.xml:233
-keep class com.google.android.gms.auth.api.signin.internal.SignInHubActivity { <init>(); }
# Referenced at merged_manifests\release\AndroidManifest.xml:267
-keep class com.google.android.gms.common.api.GoogleApiActivity { <init>(); }
# Referenced at merged_manifests\release\AndroidManifest.xml:344
-keep class com.google.android.gms.measurement.AppMeasurementJobService { <init>(); }
# Referenced at merged_manifests\release\AndroidManifest.xml:334
-keep class com.google.android.gms.measurement.AppMeasurementReceiver { <init>(); }
# Referenced at merged_manifests\release\AndroidManifest.xml:340
-keep class com.google.android.gms.measurement.AppMeasurementService { <init>(); }
# Referenced at merged_manifests\release\AndroidManifest.xml:250
-keep class com.google.firebase.auth.internal.FederatedSignInActivity { <init>(); }
# Referenced at merged_manifests\release\AndroidManifest.xml:129
-keep class com.google.firebase.components.ComponentDiscoveryService { <init>(); }
# Referenced at merged_manifests\release\AndroidManifest.xml:258
-keep class com.google.firebase.iid.FirebaseInstanceIdReceiver { <init>(); }
# Referenced at merged_manifests\release\AndroidManifest.xml:170
-keep class com.google.firebase.messaging.FirebaseMessagingService { <init>(); }
# Referenced at merged_manifests\release\AndroidManifest.xml:328
-keep class com.google.firebase.provider.FirebaseInitProvider { <init>(); }
# Referenced at merged_manifests\release\AndroidManifest.xml:178
-keep class com.razorpay.CheckoutActivity { <init>(); }
# Referenced at merged_manifests\release\AndroidManifest.xml:416
-keep class com.razorpay.RzpTokenReceiver { <init>(); }
# Referenced at merged_manifests\release\AndroidManifest.xml:287
-keep class com.sangcomz.fishbun.FishBunFileProvider { <init>(); }
# Referenced at merged_manifests\release\AndroidManifest.xml:297
-keep class com.sangcomz.fishbun.ui.album.AlbumActivity { <init>(); }
# Referenced at merged_manifests\release\AndroidManifest.xml:304
-keep class com.sangcomz.fishbun.ui.detail.DetailActivity { <init>(); }
# Referenced at merged_manifests\release\AndroidManifest.xml:301
-keep class com.sangcomz.fishbun.ui.picker.PickerActivity { <init>(); }
# Referenced at merged_manifests\release\AndroidManifest.xml:316
-keep class com.stripe.android.stripe3ds2.views.ChallengeActivity { <init>(); }
# Referenced at merged_manifests\release\AndroidManifest.xml:319
-keep class com.stripe.android.stripe3ds2.views.ChallengeProgressDialogActivity { <init>(); }
# Referenced at merged_manifests\release\AndroidManifest.xml:271
-keep class com.stripe.android.view.AddPaymentMethodActivity { <init>(); }
# Referenced at merged_manifests\release\AndroidManifest.xml:280
-keep class com.stripe.android.view.PaymentAuthWebViewActivity { <init>(); }
# Referenced at merged_manifests\release\AndroidManifest.xml:277
-keep class com.stripe.android.view.PaymentFlowActivity { <init>(); }
# Referenced at merged_manifests\release\AndroidManifest.xml:274
-keep class com.stripe.android.view.PaymentMethodsActivity { <init>(); }
# Referenced at merged_manifests\release\AndroidManifest.xml:283
-keep class com.stripe.android.view.PaymentRelayActivity { <init>(); }
# Referenced at merged_manifests\release\AndroidManifest.xml:411
-keep class io.card.payment.CardIOActivity { <init>(); }
# Referenced at merged_manifests\release\AndroidManifest.xml:414
-keep class io.card.payment.DataEntryActivity { <init>(); }
# Referenced at merged_manifests\release\AndroidManifest.xml:161
-keep class io.flutter.plugins.firebasemessaging.FlutterFirebaseMessagingService { <init>(); }
# Referenced at merged_manifests\release\AndroidManifest.xml:218
-keep class io.flutter.plugins.urllauncher.WebViewActivity { <init>(); }
# Referenced at res\layout\abc_alert_dialog_button_bar_material.xml:43
# Referenced at res\layout\abc_alert_dialog_material.xml:52
# Referenced at res\layout\abc_alert_dialog_title_material.xml:57
# Referenced at res\layout\mtrl_alert_dialog.xml:51
# Referenced at res\layout\mtrl_alert_dialog_actions.xml:45
# Referenced at res\layout\mtrl_alert_dialog_title.xml:41
-keep class android.widget.Space { <init>(...); }

# Referenced at res\layout\abc_select_dialog_material.xml:23
-keep class androidx.appcompat.app.AlertController$RecycleListView { <init>(...); }

# Referenced at res\layout\abc_action_menu_item_layout.xml:17
-keep class androidx.appcompat.view.menu.ActionMenuItemView { <init>(...); }

# Referenced at res\layout\abc_expanded_menu_layout.xml:17
-keep class androidx.appcompat.view.menu.ExpandedMenuView { <init>(...); }

# Referenced at res\layout\abc_cascading_menu_item_layout.xml:20
# Referenced at res\layout\abc_list_menu_item_layout.xml:17
# Referenced at res\layout\abc_popup_menu_item_layout.xml:17
-keep class androidx.appcompat.view.menu.ListMenuItemView { <init>(...); }

# Referenced at res\layout\abc_screen_toolbar.xml:27
-keep class androidx.appcompat.widget.ActionBarContainer { <init>(...); }

# Referenced at res\layout\abc_action_mode_bar.xml:19
# Referenced at res\layout\abc_screen_toolbar.xml:43
-keep class androidx.appcompat.widget.ActionBarContextView { <init>(...); }

# Referenced at res\layout\abc_screen_toolbar.xml:17
-keep class androidx.appcompat.widget.ActionBarOverlayLayout { <init>(...); }

# Referenced at res\layout\abc_action_menu_layout.xml:17
-keep class androidx.appcompat.widget.ActionMenuView { <init>(...); }

# Referenced at res\layout\abc_activity_chooser_view.xml:19
-keep class androidx.appcompat.widget.ActivityChooserView$InnerLayout { <init>(...); }

# Referenced at res\layout\abc_alert_dialog_material.xml:18
# Referenced at res\layout\mtrl_alert_dialog.xml:17
-keep class androidx.appcompat.widget.AlertDialogLayout { <init>(...); }

# Referenced at res\layout\activity_detail_actiivy.xml:22
-keep class androidx.appcompat.widget.AppCompatImageButton { <init>(...); }

# Referenced at res\layout\add_payment_method_card_row.xml:16
# Referenced at res\layout\add_payment_method_fpx_row.xml:16
# Referenced at res\layout\com_facebook_device_auth_dialog_fragment.xml:45
# Referenced at res\layout\com_facebook_smart_device_dialog_fragment.xml:47
# Referenced at res\layout\fpx_bank.xml:10
# Referenced at res\layout\masked_card_view.xml:4
# Referenced at res\layout\shipping_method_view.xml:43
-keep class androidx.appcompat.widget.AppCompatImageView { <init>(...); }

# Referenced at res\layout\challenge_zone_view.xml:68
-keep class androidx.appcompat.widget.AppCompatRadioButton { <init>(...); }

# Referenced at res\layout\add_payment_method_card_row.xml:26
# Referenced at res\layout\add_payment_method_fpx_row.xml:26
# Referenced at res\layout\fpx_bank.xml:17
# Referenced at res\layout\masked_card_view.xml:12
-keep class androidx.appcompat.widget.AppCompatTextView { <init>(...); }

# Referenced at res\layout\abc_alert_dialog_button_bar_material.xml:26
# Referenced at res\layout\mtrl_alert_dialog_actions.xml:26
-keep class androidx.appcompat.widget.ButtonBarLayout { <init>(...); }

# Referenced at res\layout\abc_screen_content_include.xml:19
-keep class androidx.appcompat.widget.ContentFrameLayout { <init>(...); }

# Referenced at res\layout\abc_alert_dialog_title_material.xml:45
# Referenced at res\layout\mtrl_alert_dialog_title.xml:36
-keep class androidx.appcompat.widget.DialogTitle { <init>(...); }

# Referenced at res\layout\abc_screen_simple_overlay_action_mode.xml:23
-keep class androidx.appcompat.widget.FitWindowsFrameLayout { <init>(...); }

# Referenced at res\layout\abc_dialog_title_material.xml:22
# Referenced at res\layout\abc_screen_simple.xml:17
-keep class androidx.appcompat.widget.FitWindowsLinearLayout { <init>(...); }

# Referenced at res\layout\abc_search_view.xml:75
-keep class androidx.appcompat.widget.SearchView$SearchAutoComplete { <init>(...); }

# Referenced at res\layout\abc_screen_toolbar.xml:36
# Referenced at res\layout\activity_payment_methods.xml:9
# Referenced at res\layout\activity_photo_album.xml:20
# Referenced at res\layout\activity_photo_picker.xml:19
# Referenced at res\layout\bt_add_card_activity.xml:8
# Referenced at res\layout\challenge_toolbar_cf.xml:7
# Referenced at res\layout\payment_auth_web_view_layout.xml:7
-keep class androidx.appcompat.widget.Toolbar { <init>(...); }

# Referenced at res\layout\abc_screen_simple.xml:25
# Referenced at res\layout\abc_screen_simple_overlay_action_mode.xml:32
-keep class androidx.appcompat.widget.ViewStubCompat { <init>(...); }

# Referenced at res\layout\browser_actions_context_menu_page.xml:5
-keep class androidx.browser.browseractions.BrowserActionsFallbackMenuView { <init>(...); }

# Referenced at res\layout\bt_vaulted_payment_method_card.xml:2
# Referenced at res\layout\com_facebook_device_auth_dialog_fragment.xml:22
# Referenced at res\layout\com_facebook_smart_device_dialog_fragment.xml:22
-keep class androidx.cardview.widget.CardView { <init>(...); }

# Referenced at res\layout\material_timepicker_dialog.xml:38
-keep class androidx.constraintlayout.widget.Barrier { <init>(...); }

# Referenced at res\layout\activity_detail_actiivy.xml:2
# Referenced at res\layout\detail_item.xml:2
# Referenced at res\layout\material_timepicker_dialog.xml:17
-keep class androidx.constraintlayout.widget.ConstraintLayout { <init>(...); }

# Referenced at res\layout-land\material_timepicker.xml:22
-keep class androidx.constraintlayout.widget.Guideline { <init>(...); }

# Referenced at res\layout\activity_photo_album.xml:2
# Referenced at res\layout\activity_photo_picker.xml:2
# Referenced at res\layout\design_bottom_sheet_dialog.xml:26
-keep class androidx.coordinatorlayout.widget.CoordinatorLayout { <init>(...); }

# Referenced at release\layout\activity_stripe.xml:25
-keep class androidx.core.widget.ContentLoadingProgressBar { <init>(...); }

# Referenced at res\layout\abc_alert_dialog_material.xml:41
# Referenced at res\layout\mtrl_alert_dialog.xml:40
-keep class androidx.core.widget.NestedScrollView { <init>(...); }

# Referenced at res\layout\activity_payment_methods.xml:29
# Referenced at res\layout\activity_photo_album.xml:9
# Referenced at res\layout\activity_photo_picker.xml:8
# Referenced at res\layout\add_payment_method_fpx_layout.xml:7
# Referenced at res\layout\bt_drop_in_activity.xml:90
# Referenced at res\layout\bt_vault_management_activity.xml:42
# Referenced at res\layout\mtrl_calendar_horizontal.xml:29
# Referenced at res\layout\mtrl_calendar_months.xml:18
# Referenced at res\layout\select_shipping_method_widget.xml:7
-keep class androidx.recyclerview.widget.RecyclerView { <init>(...); }

# Referenced at res\layout\activity_detail_actiivy.xml:10
# Referenced at res\layout\activity_shipping_flow.xml:7
-keep class androidx.viewpager.widget.ViewPager { <init>(...); }

# Referenced at res\layout\bt_add_card_activity.xml:43
-keep class com.braintreepayments.api.dropin.view.AddCardView { <init>(...); }

# Referenced at res\layout\bt_add_card.xml:21
# Referenced at res\layout\bt_edit_card.xml:10
# Referenced at res\layout\bt_enrollment_card.xml:42
-keep class com.braintreepayments.api.dropin.view.AnimatedButtonView { <init>(...); }

# Referenced at res\layout\bt_add_card_activity.xml:50
-keep class com.braintreepayments.api.dropin.view.EditCardView { <init>(...); }

# Referenced at res\layout\bt_add_card_activity.xml:57
-keep class com.braintreepayments.api.dropin.view.EnrollmentCardView { <init>(...); }

# Referenced at res\layout\bt_card_form_fields.xml:48
-keep class com.braintreepayments.cardform.view.CardEditText { <init>(...); }

# Referenced at res\layout\bt_add_card.xml:6
# Referenced at res\layout\bt_edit_card.xml:5
-keep class com.braintreepayments.cardform.view.CardForm { <init>(...); }

# Referenced at res\layout\bt_card_form_fields.xml:23
-keep class com.braintreepayments.cardform.view.CardholderNameEditText { <init>(...); }

# Referenced at res\layout\bt_card_form_fields.xml:140
-keep class com.braintreepayments.cardform.view.CountryCodeEditText { <init>(...); }

# Referenced at res\layout\bt_card_form_fields.xml:86
-keep class com.braintreepayments.cardform.view.CvvEditText { <init>(...); }

# Referenced at res\layout\bt_enrollment_card.xml:22
-keep class com.braintreepayments.cardform.view.ErrorEditText { <init>(...); }

# Referenced at res\layout\bt_card_form_fields.xml:73
-keep class com.braintreepayments.cardform.view.ExpirationDateEditText { <init>(...); }

# Referenced at res\layout\bt_card_form_fields.xml:180
-keep class com.braintreepayments.cardform.view.InitialValueCheckBox { <init>(...); }

# Referenced at res\layout\bt_card_form_fields.xml:153
-keep class com.braintreepayments.cardform.view.MobileNumberEditText { <init>(...); }

# Referenced at res\layout\bt_card_form_fields.xml:112
-keep class com.braintreepayments.cardform.view.PostalCodeEditText { <init>(...); }

# Referenced at res\layout\bt_add_card.xml:11
-keep class com.braintreepayments.cardform.view.SupportedCardTypesView { <init>(...); }

# Referenced at release\layout\native_admob_full_view.xml:30
-keep class com.google.android.gms.ads.formats.MediaView { <init>(...); }

# Referenced at release\layout\native_admob_banner_view.xml:5
# Referenced at release\layout\native_admob_full_view.xml:5
-keep class com.google.android.gms.ads.formats.UnifiedNativeAdView { <init>(...); }

# Referenced at res\layout\activity_photo_album.xml:15
# Referenced at res\layout\activity_photo_picker.xml:14
-keep class com.google.android.material.appbar.AppBarLayout { <init>(...); }

# Referenced at res\layout\test_toolbar.xml:16
# Referenced at res\layout\test_toolbar_custom_background.xml:16
# Referenced at res\layout\test_toolbar_elevation.xml:16
# Referenced at res\layout\test_toolbar_surface.xml:16
-keep class com.google.android.material.appbar.MaterialToolbar { <init>(...); }

# Referenced at res\layout\material_clock_period_toggle.xml:35
# Referenced at res\layout\material_timepicker_dialog.xml:94
# Referenced at res\layout\mtrl_calendar_month_navigation.xml:32
# Referenced at res\layout\mtrl_picker_header_fullscreen.xml:36
-keep class com.google.android.material.button.MaterialButton { <init>(...); }

# Referenced at res\layout\material_clock_period_toggle.xml:18
# Referenced at res\layout-land\material_clock_period_toggle_land.xml:17
-keep class com.google.android.material.button.MaterialButtonToggleGroup { <init>(...); }

# Referenced at res\layout\material_clock_display.xml:32
# Referenced at res\layout\material_time_chip.xml:17
# Referenced at res\layout\test_action_chip.xml:17
# Referenced at res\layout\test_chip_zero_corner_radius.xml:17
# Referenced at res\layout\test_reflow_chipgroup.xml:25
-keep class com.google.android.material.chip.Chip { <init>(...); }

# Referenced at res\layout\test_reflow_chipgroup.xml:19
-keep class com.google.android.material.chip.ChipGroup { <init>(...); }

# Referenced at res\layout\mtrl_calendar_month.xml:18
-keep class com.google.android.material.datepicker.MaterialCalendarGridView { <init>(...); }

# Referenced at res\layout\design_bottom_navigation_item.xml:27
-keep class com.google.android.material.internal.BaselineLayout { <init>(...); }

# Referenced at res\layout\design_text_input_end_icon.xml:18
# Referenced at res\layout\design_text_input_start_icon.xml:18
# Referenced at res\layout\mtrl_picker_header_toggle.xml:18
-keep class com.google.android.material.internal.CheckableImageButton { <init>(...); }

# Referenced at res\layout\design_navigation_item.xml:17
-keep class com.google.android.material.internal.NavigationMenuItemView { <init>(...); }

# Referenced at res\layout\design_navigation_menu.xml:17
-keep class com.google.android.material.internal.NavigationMenuView { <init>(...); }

# Referenced at res\layout\design_layout_snackbar.xml:18
# Referenced at res\layout\mtrl_layout_snackbar.xml:18
-keep class com.google.android.material.snackbar.Snackbar$SnackbarLayout { <init>(...); }

# Referenced at res\layout\design_layout_snackbar_include.xml:18