build/app/outputs/mapping/release/seeds.txt
com.almaz.distributions.MainActivity: MainActivity()
com.almaz.distributions.MainActivity
com.almaz.distributions.Application
com.almaz.distributions.Application: Application()
...
com.stripe.android.R$styleable: int[] CollapsingToolbarLayout_Layout
com.baseflow.permissionhandler.R$layout: int notification_template_part_chronometer
com.razorpay.razorpay_flutter.R$id: int action_text
com.razorpay.razorpay_flutter.R$styleable: R$styleable()
org.bouncycastle.jcajce.provider.asymmetric.GOST$Mappings
androidx.appcompat.widget.AppCompatButton: int getAutoSizeMaxTextSize()
com.google.android.material.R$attr: int materialCalendarHeaderToggleButton
com.braintreepayments.api.dropin.R$style: int Widget_MaterialComponents_TextInputLayout_OutlinedBox_Dense
de.jonasbark.stripepayment.R$style: int Widget_AppCompat_ListView_DropDown
com.google.android.gms.internal.ads.zzbm$zza$zzb: com.google.android.gms.internal.ads.zzedx zzea
com.stripe.android.R$styleable: int AppCompatTheme_spinnerDropDownItemStyle
org.bouncycastle.jcajce.provider.symmetric.util.PBE$Util: org.bouncycastle.crypto.CipherParameters makePBEParameters(javax.crypto.spec.PBEKeySpec,int,int,int,int)
co.paystack.flutterpaystack.R$id: int barrier
com.razorpay.R$drawable: int abc_btn_radio_to_on_mtrl_015
org.bouncycastle.jcajce.provider.drbg.DRBG$Mappings
org.bouncycastle.jcajce.provider.symmetric.HC256: HC256()
com.stripe.android.stripe3ds2.R$drawable: int notification_bg_normal_pressed
org.bouncycastle.jcajce.provider.digest.Blake2b$Blake2b384
org.bouncycastle.jce.provider.JCEElGamalPrivateKey: JCEElGamalPrivateKey()
androidx.core.app.CoreComponentFactory
com.razorpay.l__d$$9: com.razorpay.l__d$ a_$P$
com.facebook.common.R$style: int Base_Theme_AppCompat_Light_Dialog_Alert
org.bouncycastle.jce.provider.RFC3280CertPathUtilities: int prepareNextCertI2(java.security.cert.CertPath,int,int)
com.razorpay.razorpay_flutter.R$styleable: int[] ListPopupWindow
com.razorpay.R$color: int abc_search_url_text_pressed
com.google.android.material.R$dimen: int abc_action_bar_default_padding_start_material
org.bouncycastle.jcajce.provider.symmetric.CAST6$KeyGen: CAST6$KeyGen()
com.google.android.material.R$style: int Widget_MaterialComponents_Button_UnelevatedButton
com.google.android.gms.internal.measurement.zzbw$zza: com.google.android.gms.internal.measurement.zzbw$zza zzh
androidx.cardview.widget.RoundRectDrawable: android.graphics.PorterDuffColorFilter createTintFilter(android.content.res.ColorStateList,android.graphics.PorterDuff$Mode)
com.stripe.android.stripe3ds2.R$layout: int design_navigation_item_subheader
com.braintreepayments.api.dropin.R$style: int TextAppearance_AppCompat_Widget_Button_Colored
org.bouncycastle.jcajce.provider.symmetric.SCRYPT$BasePBKDF2: javax.crypto.SecretKey engineGenerateSecret(java.security.spec.KeySpec)
org.bouncycastle.jcajce.provider.asymmetric.edec.KeyAgreementSpi$X448: KeyAgreementSpi$X448()
com.razorpay.r_$Z$
com.cardinalcommerce.cardinalmobilesdk.R$id: int challengeInfoHeaderTextView
com.razorpay.AnalyticsEvent: com.razorpay.AnalyticsEvent MAGIC_OTP_RESEND_CLICKED
com.razorpay.razorpay_flutter.R$drawable: int abc_textfield_search_material
com.google.android.material.appbar.HeaderScrollingViewBehavior: HeaderScrollingViewBehavior()
org.bouncycastle.jcajce.provider.asymmetric.edec.KeyAgreementSpi$X25519UwithSHA256CKDF: KeyAgreementSpi$X25519UwithSHA256CKDF()
com.facebook.common.R$style: int Base_Widget_AppCompat_Spinner
com.razorpay.BaseUtils$5: BaseUtils$5(com.razorpay.RzpJSONCallback)
com.stripe.android.R$string: int jcb
com.google.android.material.R$styleable: int Variant_constraints
com.google.android.material.R$attr: int closeItemLayout
org.bouncycastle.jcajce.provider.symmetric.DSTU7624$Wrap128: DSTU7624$Wrap128()
com.braintreepayments.api.dropin.R$drawable: int bt_ic_vaulted_hiper
org.bouncycastle.jcajce.provider.symmetric.Rijndael$ECB$1: Rijndael$ECB$1()
com.braintreepayments.cardform.R$id: int search_go_btn
com.baseflow.permissionhandler.R$dimen: int notification_action_icon_size
org.bouncycastle.jcajce.provider.asymmetric.rsa.BCRSAPrivateCrtKey: java.math.BigInteger publicExponent