build/app/outputs/mapping/release/usage.txt
com.almaz.distributions.BuildConfig
com.almaz.distributions.R$styleable
com.almaz.distributions.R$color
com.almaz.distributions.R$animator
com.almaz.distributions.R
com.almaz.distributions.R$interpolator
com.almaz.distributions.R$dimen
com.almaz.distributions.R$anim
com.almaz.distributions.R$drawable
com.almaz.distributions.R$integer
com.almaz.distributions.R$menu
com.almaz.distributions.R$plurals
com.almaz.distributions.R$layout
com.almaz.distributions.R$style
com.almaz.distributions.R$xml
com.almaz.distributions.R$bool
com.almaz.distributions.R$attr
com.almaz.distributions.R$string
com.almaz.distributions.R$id
com.almaz.distributions.R$raw
com.almaz.distributions.R$mipmap
...
org.bouncycastle.crypto.modes.kgcm.BasicKGCMMultiplier_128
com.example.flutterimagecompress.R$drawable
com.google.android.exoplayer2.source.smoothstreaming.manifest.SsManifestParser$ProtectionParser:
    public static final java.lang.String TAG
    public static final java.lang.String TAG_PROTECTION_HEADER
    public static final java.lang.String KEY_SYSTEM_ID
    private static final int INITIALIZATION_VECTOR_SIZE
org.bouncycastle.asn1.crmf.POPOPrivKey
androidx.core.content.ContextCompat$MainHandlerExecutor
com.bumptech.glide.request.target.PreloadTarget
androidx.core.view.accessibility.AccessibilityViewCommand$SetTextArguments:
    public java.lang.CharSequence getText()
kotlin.reflect.KType
com.google.common.util.concurrent.CheckedFuture
com.facebook.share.internal.LikeDialogFeature
com.facebook.share.widget.LikeView$1
org.bouncycastle.crypto.tls.TlsKeyExchange
com.google.android.material.progressindicator.DrawableWithAnimatedVisibilityChange
androidx.transition.Slide$1
com.google.android.gms.common.images.Size
androidx.annotation.DimenRes
com.google.common.collect.MapMakerInternalMap$EntryIterator
androidx.fragment.R$layout
com.google.common.collect.ForwardingMap$StandardEntrySet
com.facebook.internal.LockOnGetVariable:
    public void <init>(java.lang.Object)
    private void waitOnInit()
    public java.lang.Object getValue()
org.bouncycastle.asn1.cmp.PKIStatus
com.google.firebase.auth.MultiFactorAssertion
com.google.android.gms.internal.firebase_auth.zzcv:
    public final java.lang.String zza()
    public final com.google.firebase.auth.PhoneAuthCredential zzb()
org.bouncycastle.crypto.modes.AEADBlockCipher:
    public abstract java.lang.String getAlgorithmName()
    public abstract void processAADByte(byte)
    public abstract void reset()
androidx.recyclerview.widget.SnapHelper:
    static final float MILLISECONDS_PER_INCH
com.google.common.collect.ImmutableSortedMap$Builder
com.google.common.collect.Maps$NavigableAsMapView
androidx.dynamicanimation.animation.DynamicAnimation$14
com.google.android.material.animation.AnimationUtils:
    public void <init>()
    public static int lerp(int,int,float)
com.sangcomz.fishbun.R$animator
com.google.common.base.Joiner$1
com.google.common.cache.LocalCache$WeightedStrongValueReference
com.stripe.android.model.Address$Builder:
    public synthetic bridge java.lang.Object build()
org.bouncycastle.crypto.agreement.srp.SRP6Client
com.google.common.primitives.Booleans
com.facebook.share.model.ShareVideo
com.cardinalcommerce.cardinalmobilesdk.models.CardinalConfigurationParameters:
    public int getTimeout()
    public void setChallengeTimeout(int)
    public java.lang.String getProxyAddress()
    public void setProxyAddress(java.lang.String)
    public com.cardinalcommerce.cardinalmobilesdk.enums.CardinalUiType getUiType()
    public void setUiType(com.cardinalcommerce.cardinalmobilesdk.enums.CardinalUiType)
    public org.json.JSONArray getRenderType()
    public void setRenderType(org.json.JSONArray)
    public void setThreeDSRequestorAppURL(java.lang.String)
org.bouncycastle.asn1.cmc.RevokeRequest
org.bouncycastle.asn1.x509.qualified.SemanticsInformation
com.google.android.gms.maps.zzm
com.google.common.base.Functions
org.bouncycastle.crypto.generators.SCrypt:
    private void <init>()
com.google.common.collect.StandardTable$Column$KeySet
com.google.firebase.auth.api.internal.zzbh
com.google.android.exoplayer2.source.SingleSampleMediaSource$Factory
kotlin.time.FormatToDecimalsKt
com.google.android.gms.internal.maps.zzaa
com.google.common.reflect.Invokable$MethodInvokable
com.google.android.gms.internal.firebase_auth.zzih
androidx.appcompat.widget.ShareActionProvider$OnShareTargetSelectedListener
com.google.common.collect.MapMakerInternalMap$AbstractSerializationProxy
de.jonasbark.stripepayment.R$string
com.google.firebase.auth.api.internal.zzae
androidx.appcompat.widget.ActivityChooserModel$OnChooseActivityListener
kotlin.jvm.internal.FunctionImpl